2019-06-23 16:13:30,715:INFO:info 
2019-06-23 16:13:30,715:WARNING:warniing
2019-06-23 16:13:30,715:ERROR:error
2019-06-23 16:13:30,715:CRITICAL:critical
2019-06-23 16:22:32,122 WARNI [root:12] warniing
2019-06-23 16:22:32,122 ERROR [root:13] error
2019-06-23 16:22:32,123 CRITI [root:14] critical
2019-06-23 16:23:29,046 WARNI [root:12] warniing
2019-06-23 16:23:29,046 ERROR [root:13] error
2019-06-23 16:23:29,046 CRITI [root:14] critical
2019-06-23 16:23:59,206:INFO:info 
2019-06-23 16:23:59,206:WARNING:warniing
2019-06-23 16:23:59,206:ERROR:error
2019-06-23 16:23:59,206:CRITICAL:critical
2019-06-23 16:24:09,013 WARNI [root:12] warniing
2019-06-23 16:24:09,014 ERROR [root:13] error
2019-06-23 16:24:09,014 CRITI [root:14] critical
2019-06-23 16:25:19,419 WARNI [root:12] warniing
2019-06-23 16:25:19,419 ERROR [root:13] error
2019-06-23 16:25:19,419 CRITI [root:14] critical
